Determining if the pthread_create exist failed with the following output:
Change Dir: /home/thiago/projects/parallel_samples/build/CMakeFiles/CMakeTmp

Run Build Command:"/usr/bin/make" "cmTC_32503/fast"
make[1]: Entering directory '/home/thiago/projects/parallel_samples/build/CMakeFiles/CMakeTmp'
/usr/bin/make -f CMakeFiles/cmTC_32503.dir/build.make CMakeFiles/cmTC_32503.dir/build
make[2]: Entering directory '/home/thiago/projects/parallel_samples/build/CMakeFiles/CMakeTmp'
Building C object CMakeFiles/cmTC_32503.dir/CheckSymbolExists.c.o
/usr/bin/cc     -o CMakeFiles/cmTC_32503.dir/CheckSymbolExists.c.o   -c /home/thiago/projects/parallel_samples/build/CMakeFiles/CMakeTmp/CheckSymbolExists.c
Linking C executable cmTC_32503
/usr/bin/cmake -E cmake_link_script CMakeFiles/cmTC_32503.dir/link.txt --verbose=1
/usr/bin/cc       CMakeFiles/cmTC_32503.dir/CheckSymbolExists.c.o  -o cmTC_32503 -rdynamic 
CMakeFiles/cmTC_32503.dir/CheckSymbolExists.c.o: In function `main':
CheckSymbolExists.c:(.text+0x16): undefined reference to `pthread_create'
collect2: error: ld returned 1 exit status
CMakeFiles/cmTC_32503.dir/build.make:97: recipe for target 'cmTC_32503' failed
make[2]: *** [cmTC_32503] Error 1
make[2]: Leaving directory '/home/thiago/projects/parallel_samples/build/CMakeFiles/CMakeTmp'
Makefile:126: recipe for target 'cmTC_32503/fast' failed
make[1]: *** [cmTC_32503/fast] Error 2
make[1]: Leaving directory '/home/thiago/projects/parallel_samples/build/CMakeFiles/CMakeTmp'

File /home/thiago/projects/parallel_samples/build/CMakeFiles/CMakeTmp/CheckSymbolExists.c:
/* */
#include <pthread.h>

int main(int argc, char** argv)
{
  (void)argv;
#ifndef pthread_create
  return ((int*)(&pthread_create))[argc];
#else
  (void)argc;
  return 0;
#endif
}

Determining if the function pthread_create exists in the pthreads failed with the following output:
Change Dir: /home/thiago/projects/parallel_samples/build/CMakeFiles/CMakeTmp

Run Build Command:"/usr/bin/make" "cmTC_dd890/fast"
make[1]: Entering directory '/home/thiago/projects/parallel_samples/build/CMakeFiles/CMakeTmp'
/usr/bin/make -f CMakeFiles/cmTC_dd890.dir/build.make CMakeFiles/cmTC_dd890.dir/build
make[2]: Entering directory '/home/thiago/projects/parallel_samples/build/CMakeFiles/CMakeTmp'
Building C object CMakeFiles/cmTC_dd890.dir/CheckFunctionExists.c.o
/usr/bin/cc    -DCHECK_FUNCTION_EXISTS=pthread_create   -o CMakeFiles/cmTC_dd890.dir/CheckFunctionExists.c.o   -c /usr/share/cmake-3.5/Modules/CheckFunctionExists.c
Linking C executable cmTC_dd890
/usr/bin/cmake -E cmake_link_script CMakeFiles/cmTC_dd890.dir/link.txt --verbose=1
/usr/bin/cc   -DCHECK_FUNCTION_EXISTS=pthread_create    CMakeFiles/cmTC_dd890.dir/CheckFunctionExists.c.o  -o cmTC_dd890 -rdynamic -lpthreads 
/usr/bin/ld: cannot find -lpthreads
collect2: error: ld returned 1 exit status
CMakeFiles/cmTC_dd890.dir/build.make:97: recipe for target 'cmTC_dd890' failed
make[2]: *** [cmTC_dd890] Error 1
make[2]: Leaving directory '/home/thiago/projects/parallel_samples/build/CMakeFiles/CMakeTmp'
Makefile:126: recipe for target 'cmTC_dd890/fast' failed
make[1]: *** [cmTC_dd890/fast] Error 2
make[1]: Leaving directory '/home/thiago/projects/parallel_samples/build/CMakeFiles/CMakeTmp'


